🚀 SPR WhatsApp Server CORRIGIDO v1.2 rodando na porta 3003
🌐 Acesse: http://localhost:3003
📊 Dashboard: http://localhost:3002
💬 Interface de Chat: http://localhost:3003/chat
🔄 Iniciando cliente WhatsApp...
✅ Melhorias implementadas:
   - Timeout de 30s para todas as operações
   - Rate limiting de 100 req/min
   - Endpoints duplicados para compatibilidade
   - Ordenação correta de mensagens
   - CORS melhorado
🎯 QR CODE GERADO!
📱 Escaneie com WhatsApp:
▄▄▄▄▄▄▄▄▄▄▄▄▄▄▄▄▄▄▄▄▄▄▄▄▄▄▄▄▄▄▄▄▄▄▄▄▄▄▄▄▄▄▄▄▄▄▄▄▄▄▄▄▄▄▄▄▄▄▄
█ ▄▄▄▄▄ █▀▀▀▄▀▀▄▄█ ▀▀█▄▄ ▄▄█▀█▄▄▄▀▄▀█▀ ▀▀▀ ▄▀█▄▄ ██ ▄▄▄▄▄ █
█ █   █ █▀▀▀▀▀▀█▄█▄ █▄▄▄ ▀▀█▄▄▄▄▀██▀ ▀▀▄▄██ ▄▄ ▄ ██ █   █ █
█ █▄▄▄█ █▀▀ ▀ ▀▀▄█▄▀▄ ▀▄▀ █ ▄▄▄   ▀█▄ █▀ ▄▄▄▄▀▀▀▄██ █▄▄▄█ █
█▄▄▄▄▄▄▄█▄▀▄█ █▄▀▄▀▄▀ ▀ █ █ █▄█ ▀▄█ ▀▄▀▄█▄▀ ▀▄█▄▀▄█▄▄▄▄▄▄▄█
█   ▄▄█▄  █ ▄▀▀▀▄▄ ▄▄▄██ ▀▄▄ ▄  ▀█▀█▀▄▄▄█▀ ▀▄▀██   █ █▄▀ ▀█
█▀  ███▄█  ▀ █▄  ▀▀ ▀▀▀  █▄█ ▄ ▄█▀ ▄ █  █▀█▀▀▄▀▄█▄█▄  ▀▀███
█▄█▄  ▄▄▄█ ▀▄ ▄▄██▀ ▀█▀▄   ▄█▀▀█ ██▄ ▄▀▄█▀▀▀▄▀█▄   ▄▀██  ██
█▄█▀ ▀ ▄█ ▄▄▀█ ▀ █▀▄ ▀▀▄██▀█▀█▀▄ ▀▄▄ █▄▄▄██ ▀ ████▄▀ ▄   ▀█
███▀▀▀ ▄▀▄▄ █ ▄██▄▄▄▀▄▀█▀ ▀█▀ ▀  ▀ █ ▄ █▀██ █▀ ▄▀  ▄█▀▀▀ ▀█
█  ▀ █ ▄██ █▄▄▀█▄▀█▀█▄▄█▀▀ ▄▀ ▀▄▄█▀▄ ▄▄ ▀▄ ██▄█ ▄▄▀ █ ▀▀▀██
█ ▀▀▄▀█▄▀ █   ▀█▄▀  ▄█▀█▀▄  ███ ▄█▄▄▄▄ ▄███  ▀▄█▄▀█▄▀▀▄▄ ▀█
█▀ ▄█▄▄▄▄█▀▄▄▄▄▄▄ ▀ ▄█ █▀█▀ █▀█▀▄█▄▀▄▄█▀█▀▄▀█ ██▄ ▄ ▀█▀ ▀▀█
█▄ ▀█▄▄▄▄ █ ▀   ▀▄ ▄█▄▀▀▀ █▀██▀ ▄  █▄  ██▀  ▄▀▄█ ▀ ██▀█▀▄ █
█▄ █  ▄▄▄ ▄   ▀ █▄▄█ ▀▄█▄ █ ▄▄▄   █▄▄▀▄   ▀▄██ ▄  ▄▄▄ ▀ ▄██
█ ███ █▄█ ▄▄▄ ▀▀▀▄▄▀▀█▄█ ▀▀ █▄█  ▀█▄▄  ██▀   █▄█▄ █▄█ ▀█▀ █
█ ▄  ▄▄▄▄  ▀▀▀▄██▀▀ █▀█ ▄  ▄ ▄▄▄▀ ▄ ██▄  ▄▄▄▀▀  ▄▄   ▄▀ ▄▀█
█ ▄▀▀  ▄▄ █▄▀▄▄ ▄█ ▄ █▀█  ████▀  █▀█▄ ▀█▀█▄ ▄█▀█▀▀▄█▀▄▄▀ ▀█
███ ▀█ ▄▄▀█▀█▀█▀▄▄█▀▀▄ ▀▄▄▄▀  ▀  ▀▄ ▀▀▄▄▄▀▄▀█ ▀ ▀▀▄█▄▄▀▀ ▀█
██▄▀▀█▀▄███▀  ▀█▀█▄ ▀▀▄▀▄ ▄▄▀█▄ ██▄▄ ▄ █ █▀ ▀█▄▄▀ █▄▄▄▄ ▄▀█
█▄   ▄▀▄▄██ ▄▀▀▄▀█  ▀ ▀█▄ ▄ ▀█▄▄ █▀▄▄ ▀█▀█▄▀█▄▀███ █▀█▀▀▄▄█
█ ▀▄  ▀▄█ █▀█▀▀ ██  ▄▄▀█▀▀█▀▀▄▀█▀█▀█   ▄▀▀  ▄▀█▄█▀▄▀█▄█▄▀██
█▄▀▄▀ ▄▄▀█▄█▀▀▄█▀▀▀ ▄▄▀  ▀█▀▄ ▄ ██ █▀█▄█ ▀█▄█▄ ▀▀▀▄█▄▀▄  ▀█
█▀█▄ ▀ ▄█  ▄ ▄▀▄▄█▀ ▀█▀▄▄▀▄ █▄ ▄▄▀██ ▄▄▄▀▀█▀▄█▀███ █▄▄ ▀  █
█ ▀ ▀▀▄▄█▀▄▄█▄▀▀▀▀█▀ █▄█▄▄▀▄  ▄ ▀ █ ▀▄ ▄▄▀ ▀█▄▄▄▀█▄▀██ ▀▀▀█
███████▄▄ ▄▀  ▄ █▄   ▄▀█  █ ▄▄▄ ▀▀ █▄▄ ▄▀█  ▄▀▀▄▀ ▄▄▄ █▀█▄█
█ ▄▄▄▄▄ █▄█▀█▄█ ▀▀ █▀ ▄█▀█▄ █▄█ ▄ ▄▄▀█▀▄▄▀  █▀▀▄▄ █▄█    ▀█
█ █   █ █ ▄▄▀▄█ ▄▀▄ ▄█▀▀▀▄ ▄▄  ▄ ███  █▄ ▀   ▀ █   ▄▄ ▀▄▄▄█
█ █▄▄▄█ █   ▀▄▀▄▄ █▀▄█▄█▀█▀▄▀█▀█▄█▄▀▀ ▄▄█▀█▄  █ ▄  ▄▄█ ▀███
█▄▄▄▄▄▄▄█▄███▄▄█▄▄▄▄▄▄██▄███▄▄█▄▄▄▄▄▄▄████▄▄▄█▄▄██▄█▄███▄██

✅ QR code salvo em ./qrcodes/qr_latest.png
🎯 QR CODE GERADO!
📱 Escaneie com WhatsApp:
▄▄▄▄▄▄▄▄▄▄▄▄▄▄▄▄▄▄▄▄▄▄▄▄▄▄▄▄▄▄▄▄▄▄▄▄▄▄▄▄▄▄▄▄▄▄▄▄▄▄▄▄▄▄▄▄▄▄▄
█ ▄▄▄▄▄ █▀ ▄ █▀█▄ ▄▄  █▀▄ ▄▄    ▄  ▄▀▀▄▄ ▀ ▄▄ █▄ ██ ▄▄▄▄▄ █
█ █   █ █▄   ███▄█▀▄ █████████▀ █▄▄ ▀██▄█▄ ▄█▄▀▄ ██ █   █ █
█ █▄▄▄█ █ ▄▄█▄▄▄██▄█▀█ ▄▀▄  ▄▄▄  ▄ ██▀ ▄ ▄▄ ▀▀ ▀▄██ █▄▄▄█ █
█▄▄▄▄▄▄▄█ █▄█▄█▄▀ █ ▀ ▀▄▀▄█ █▄█ ▀▄█▄█ ▀▄█ █▄▀▄█ █ █▄▄▄▄▄▄▄█
█▄▄▀▄▀█▄▄▀███▄█▀███  ▄▄▄██ ▄ ▄▄▄██ ▄▄  ▄▄ ██ ▀▄▄▀██▄▄ ▀▄▄▀█
████▄█▄▄▀█▄▄ █▀█▀▀▀▄▄▄   ▀█▀█▄   ▄▀▄ ▀▀█▄▀█▀▄▀▄▄ ▄  █▀▀█  █
█ █▄▀█ ▄▄▄█  ▄▄█▄ █▄▀▄ ▀▄▄ ▄▄ █▀ ▄▄ ▄ ▀▄▄▄▀▄▄ ▀ ▄▄ ██ █▄ ▄█
█ ▄▀▄ █▄  ██▄▀▄▀▀▄█▄▄▀▄▀ ▀██▀█▄▄▄▀█ ███▄█ ▄▀█▄▄█▀▀ ▀▀█ █▄▀█
█  ▀ ▀ ▄▄▀█ █▄▀ ██ ▄▄▀▀▀██▄    ▄█▄ ▄  ▀▀▀▀▀██ ▄▄▀▄█▀▄▀ █▀▄█
██ ▀▄  ▄█▄▀   ▀▄▀█▀█▄▄█ █▄ █ █▄    ▀█ █▀▄▄█ ▀▀██  ██▄███▄ █
██▄▀██▄▄█ ▄▀▄▀███ █▄ █ ▄▄ ▄ ▄▄ ▄▀████▄▄▄▄  ▄ ██▄▀█▄█  ▀ ▄ █
███▀▄ ▀▄▀▄█ █▀█ █ ▀▄▀ ▀█▀▀▄█▄▀██ ▀█▀█  ▄█ ▄█▀▄▄█▄▄█ ▄▀▀▄▄▄█
█   ▄▄▄▄▄█▄ █ ▄█ ▀▄ ██ ▄█▄▀▄▄ █▄▄▀▀  ▄ ▄▄▄▄▄▄ █ ██▀█▄ ▀█▄▀█
█ ▄█▀ ▄▄▄ █▀ ▄▀▀▄█▀▀▄▀█▄▀▄▄ ▄▄▄ ▄ ▄▀▀█ ▄▀▀  ▀█▀▀▄ ▄▄▄ ▄▄ ██
█▄ ▄  █▄█ ▀█▄▄▄  ▄▄█▄ ██ █▄ █▄█ █▄▄▄▄▄▄▀▄▀ ██  █▀ █▄█ ██▄██
█▀ █ ▄▄▄  ▀▄██▄▄▄▄ ▄█ ██ ▄ ▄    ▀▀▄█▀██▀▀▀▄▀█▄▄▀█    ▄▄▄▄ █
█▄█▀ ▀█▄█▄▄█▄   ▄█  ██ ▄██▀███▄▄▄█ ▄▀ ▄▄ ▄█▄▄██▄▄▄ ███▀▄ ▀█
█ ▄ ██ ▄██▄▀██ ▄▄███▀▀▀▀▄ ▀▄ █▀▄█▄█   ▀ ▀ █▄ ▄▀ ▀█▀   ▀██ █
█▄▄   █▄█▄▄▄ ▀▀▄   ▄▀ █▄ ▄▄█  █  ▄█▀█▄ ▄▄▄█▄  █▀█▄███▀ ▄▄ █
█ ▄ ▀█▄▄ █▀█▀███ ▄█▄█  ▄▀▄   ▄▀▄██ █▀███ █▀█▀█ ▄ ▀▄█ ▄▄█ ▄█
█▄▄▀▀  ▄ ██▄▀  ▄▄█ ▄▀▀ █▀█ ▄ ▄▀▀▄  █ ▄█▀ ▀ ▄▀▄▄▄██▄▄▄▄▀▄▄ █
█ ▀█  ▄▄▀▄▀▀▄▄ █ ▄█▄▄█ █▄██ ██ ▄█▄█ █▀ ▄▀▄▀ ██▀ █ ▄ █▄█▄  █
██▀▀▀▀▀▄ ▀ ██  ▄█▄▄▄██ █▀█▀▀▄██  ▀▄██ █▄   █ █ ▄ █ ▀▄█ ▀▄ █
█ ▀ ▀▀▄▄ ██▄█ ▄▄ ▀ ▀█  █▄ █ ▀ ▄▄▄██▀▀ ▄ █▀▄▀▄█▄   █ █▄▀▄▄▄█
███████▄▄▀█▄▄▄▄▀▄ █  █▄▄ ██ ▄▄▄ ▀ ▀ █ ▀▄ ▄▄▄▀▄▄ █ ▄▄▄ ▀████
█ ▄▄▄▄▄ █▄▄   ▀ ▄▄█▀▀ █▄▀▀  █▄█ ▄ ██ ▄▄█▀██▄▄▀ █  █▄█ █▄ ▀█
█ █   █ █▀█▄ █ ██▀▄▄▀  ▀▀ █ ▄   █▄▄█▄▄ ▀ █ ▄▄ ▀█ ▄▄   ▀   █
█ █▄▄▄█ █▀███▀▄▀██▀█▄▄█ █▀▀█▀ █▀▄██▄▄█▄█▄▄▀ ▀▀▄█ ▄ █ ▄▄██▄█
█▄▄▄▄▄▄▄█▄██▄▄▄▄███▄▄▄▄▄████▄█▄▄▄▄███▄██▄▄█▄▄███▄█▄█▄▄▄█▄██

✅ QR code salvo em ./qrcodes/qr_latest.png
🎯 QR CODE GERADO!
📱 Escaneie com WhatsApp:
▄▄▄▄▄▄▄▄▄▄▄▄▄▄▄▄▄▄▄▄▄▄▄▄▄▄▄▄▄▄▄▄▄▄▄▄▄▄▄▄▄▄▄▄▄▄▄▄▄▄▄▄▄▄▄▄▄▄▄
█ ▄▄▄▄▄ █▀ ▄ █ ▄ ▄█▄  ▄ ▄▄▄▄    ▄ ▄ █▄ ▄█▄█  ██▄ ██ ▄▄▄▄▄ █
█ █   █ █▄  ▄███▄▄▀▄ ▄██▄▄████▀ █▄▄ ▄▄█▄██ ▄ ▄▀▄ ██ █   █ █
█ █▄▄▄█ █ ▄ █▄▄▄██▄█▀█ ▄▀▄  ▄▄▄ ▄█ █▄▀ ▄▄▄▄ ▄  ▀▄██ █▄▄▄█ █
█▄▄▄▄▄▄▄█ ▀ █ █▄▀ █ ▀ ▀▄▀▄█ █▄█ ▀▄█▄█ ▀▄█ █▄▀▄█ █ █▄▄▄▄▄▄▄█
█▄▄▀▄▀▀▄▄▀█▄ ▄█▀███  ▄▄▄██▄▄ ▄▄▄██ ▄▄  ▄▄ ██ ▀▄▄▄▄█▄▄ ▀▄▄▀█
████▄▄█▄▀▄▀▀▀▄▀█▀▀▀▄▄▄   ▀▀▀▀    ▄▀  ▀██▄▀█▀▄▀ ▄▄  ▀▄█▀█  █
█ █▄██ ▄█▄▄█ ▄▄█▄ █▄▀▄ ▀▄▄ █  █▀ ▄▀▀▄  ▄▄▄█▄▄ ▀▀█▄ █  █▄ ▄█
█▄█   █▄▀▀██▄▀▄▀▀▄█▄▄▀ ▄ ▀██▀█▄ ▄▀ ▀▀▀  ▀  ▄█  ▀ ▀ ▀▀█ ▄▄▀█
█▄▄▄█▀ ▄▄▀█ █▄▀ ██▄▄ ▀ ▀▀▄▄   ▀██▄ █▄ ▄  ▀ ▄█▄▄█▀▄█▀▄▀ ██▄█
█ ▀▄▄  ▄█▄▀   ▀▄▀▀▀██▄█ ▀  █ ██ ▄  ▀▀▄█▀█▄▄▀▀ ▄▄  ▀█▄███▀ █
█▀▄▀█ █▄█ ▄▀▀████ █▄ █ ▄▄ ▄ ▄▄ ▄ ███▀▄▄▄█▄ ▄▄██▄▀█▄█  ▀ ▄▀█
███▀▄█ ▄█▄▀▄█ █▄█ ▀▄▀ ▀█▀▀▄█▄▀██ ▀█▀█  ▄█ ▄█▀▄▄█▄▄█  ▀▀▄▄▄█
█   ▄▄▄▄▄█▄ ▄▄▀█ ▀▄ ██ ▄█▄▀▄▄ █▄▄▀▀  ▄ ▄▄▄▄▄▄ █ ▄▄▀▄  ▀█▄▀█
█ ▄█▀ ▄▄▄  ▀██▄▀▄█▀▀▄▀█▄▀▄▀ ▄▄▄ ▄ ▄█▀█▄▄▀▀  ▀█▀▀█ ▄▄▄ ▄▄ ██
█▄  ▄ █▄█  ▄▄▄█▀ ▄▄█▄ ██ █  █▄█ █▄█▄▄▄█▀▄▀▀▄█ ▀██ █▄█  █▄██
███▄ ▄ ▄  ▀▄██▄▄▄▄█ █  ▀ ▄      ▀▀▄▄██▄ ▀█▀█▀ ▄▀▄ ▄▄▄▄ █▄ █
██▄ █▀█▄▀█▄█▄   █▄▄  ▄  ▄█▀███▄▄▄█ ▄█▄██▄▄██ █▄▄   ███▀█ ██
█▀▀ ▀█ ▄██▄▀██ ▄▄▀██ ▄▀▀ ▀▀▄▀▄▀▄▀▄█ ▀▀  ▄██▄▀█▀▀▀█▀  █▀█▀ █
█▀▄   █▄█▄▄▄▄ ▀▄   ▄▀ █▄ ▄▄█  ██ ▄█▀█  ▄▄ █▄▄▄█▀█▄███▀ ▄█▀█
█ ▄ ▀█▄▄ █ ▄▄█▀  ▄█▄█  ▄▀▄   ▄▀ ▄█ █ ███▀█▀█▀▄ ▄ ▀▄█ ▄▄█ ▄█
█▄▄▀▀██▄ █▀▄  ██▄█ ▄▀▀ █▀█ ▄ ▄▀▀▄  █ ▄█▀ ▀ ▄▀▄▄▄██▀ ▄▄█▄▄ █
█ ▀█ ▄▀▄▀▄ ▀ ▄▀  ▄█▄▄█ █▄██ ██ ▄█▄█ █▀▄▄▀▄█▄███ ██▀ █▄█▄  █
██▀▄▄▀▀▄▀█▄ █ ▄▄█▄▄▄██ █▀█▀ ▄██  ▀█▄█ █▄  ▄▄ █ ▄  ███▄ █▄ █
█ ▀ ▀▀▄▄ ▄█▄█ ▄▄ ▀▀▄█ █▀▄ ▄▀▀ ▄▄▄██▀▀ ██▀▀██ ▀▄▄▄▀▀▄▀█ █▄▄█
███████▄▄▀█▄▄▄▄▀█▀▄▄▀██▄▀██ ▄▄▄ ▀ ▀ █▄ ▄ ▄▄█ ▄▄▀█ ▄▄▄  ▄▀▀█
█ ▄▄▄▄▄ █▄▄   ▀   █▀ ▀█▄█   █▄█ ▄▄██ ▀███▀▄▄▄▀▀█  █▄█ █▄▀██
█ █   █ █▀█▄██ ██▀▄▄▀  ▀▀ █ ▄▄  ▀▄▄██▄ ▀ █ ▄█ ▀█▀▄▄   ▀  ▀█
█ █▄▄▄█ █▀  ▀▀  ██▀█▄▄█ █▀▀█▄ █▀▄▄█▄██▄█▄▄▀ ▀ ▄█ ▄ █▄ ▄██▄█
█▄▄▄▄▄▄▄█▄█▄███▄███▄▄▄▄▄██████▄▄▄▄███▄██▄▄█▄▄███▄█▄█▄▄▄█▄██

✅ QR code salvo em ./qrcodes/qr_latest.png
🎯 QR CODE GERADO!
📱 Escaneie com WhatsApp:
▄▄▄▄▄▄▄▄▄▄▄▄▄▄▄▄▄▄▄▄▄▄▄▄▄▄▄▄▄▄▄▄▄▄▄▄▄▄▄▄▄▄▄▄▄▄▄▄▄▄▄▄▄▄▄▄▄▄▄
█ ▄▄▄▄▄ █▀▀▀▄▀▀▄▀█▀ ▄▀█▄▄▄▄█▀█▄▄▄▀██ ▄▄█▀▀▄▄█▀▄▄ ██ ▄▄▄▄▄ █
█ █   █ █▀▀▀█▀▀███▄ ▄█▄▄  ▀█▄▄▄▄▀██▀▄▀▀▄███ ▀█ ▄ ██ █   █ █
█ █▄▄▄█ █▀█▄▀█▀▀▄█▄▀▄ ▀▄▀ █ ▄▄▄ ▄█▀█  █▀▄▄▄▄▀▄▀▀▄██ █▄▄▄█ █
█▄▄▄▄▄▄▄█▄█ ▀ █▄▀▄▀▄▀ ▀ █ █ █▄█ ▀▄█ ▀▄▀▄█▄▀ ▀▄█▄▀▄█▄▄▄▄▄▄▄█
█   ▄▄█▄▄ ▀▄ ▄▀▀▄▄ ▄▄▄██ ▀ ▄ ▄  ▀█▀█▀▄▄▄█▀ ▀▄▀███▀▄█▄█▄▀ ▀█
█▀  █▄▄▄▀▄▀▄▄▀▄  ▀▀ ▀▀▀  █▄█   ▄█▀ ▄ █▄▄█▀██▀▄█▄█▄▄▄█▀▀▀███
█▄█ ▄ ▄▄█ █▀▄ ▄▄██▀ ▀█▀▄   ▄█▀▀█ █▄█ ▄▀██▀  ▄▀█▄▀▀ ▄ █▀  ██
██▀▄▄▀ ▄▄▀▄▄▀█ ▀ █ █ ▀▀▀██▀█▀█▀▄ ▀▄▄▄▀▀▄▄▀███▄ ▀▀▀▄▀ █ ▀ ▀█
█▄██▄▀ ▄▀▄▄ █ ▄█▄█▄  ▄▀█▄▀▀█▀ ▀  ▀▀█ ▄ ▄▀▀  ▄▀█▄▀  ▄█▀▀  ▀█
███▄██▄▄██ █▄▄▀█▀▀█▀  ▄█▀▄ ▄▀ ▀█ ▀▀▄ ▄█▀▀ ▀▄  ▄▀▄▄█▄█ ▀▀▀██
█▀▀▀▄ ▀▄▀ █ ▀ ▀█▄▀  ▄█▀█▀▄  ███ ▀▀▄▄▄▄ ▄▀██ █▀▄█▄▀ ▄▀▀▄▄  █
█▀ ▄█▀▀▄ █▀▀█ ▄▄▄ ▀ ▄█ █▀█▀ █▀█▀▄█▄▀▄▄█▀▄▀▄▀█▀██▄ █▄▀▀▀ ▀▀█
█▄ ▀█▀█▄▀▄▀▄▀▀██▀▄ ▄█▄▀▀▀ █▀██▀ ▄  █▄  ██▀  ▄▀▄█▀▀ ▄▀██▀▄ █
█▄ █  ▄▄▄   ▄▄▀██▄▄█ ▀▄█▄ ▀ ▄▄▄   ▀▄▄▀▄▄  █ ██▄▄  ▄▄▄ ▀ ▄██
█ █▀▄ █▄█ █ ▄ ▄▀▀▄▄▀▀█▄█ ▀█ █▄█  ▀▄▄▄  ██▀▄▀ ██▄▄ █▄█ ▀ ▀ █
█ █▀▀▄ ▄▄▄ ▀▀▀▄██▀▄██▀██▄    ▄▄▄▀ █▀████   ▀█▀▄▄▀▄ ▄▄▄ ▀▄▀█
█▀▄█   ▄▄▀█▄▀▄▄ █▄  █▄▄▀▀▀██▀▄▀  █▀█  ▀▄▀▀█▀ ▀▄▄▀█▄█▀▄█ ▄▀█
█  ▀ █ ▄ ▄█▀█▀█▀ ██▀█▀ ▀▄▄▄▀▀▄▀  ▀▄ ▀▄█▄███▀▀▄▀  ▀▄███▀▀▄██
█▀▄▀▀█▀▄███▀█ ▀█▀█▄ ▀▀▄▀▄ ▄▄▀███▀█▄▄█▄ ███▀ ▄█▄▄▀ █▄▄▄▄ █ █
█▄   ▄▀▄▄██▀ ▄▀ ▀█  ▀ ▀█▄ ▄ ▀█   ▄▀▄█ ▀█ ▄▄▀█▄▀███ █▀█▀▀▄▄█
█ ▀▄ ▀█▄█ ▄▀▀▀█▄██  ▄▄▀█▀▀█▀▀▄▀█▀█▀█   ▄▀▀  ▄▀█▄█▀█▀█▄█▄▀██
█▄▀▄▀▄▄▄▀█▀▄▄▀▀▀▀▀▀ ▄▄▀  ▀▀▀▄ ▄ ██▄█▀█ █ ▀█ █▄ ▀█▄▀▀▄▀ ▀ ▀█
█▀█   ▀▄▀▀ ▄ ▄▀ ▄█▀ ▀█▀▄▄▀█▀█▄ ▄▄▀▄█ ▄▀▄▀▀  ▄█ ▄▀▀▄▀▄█▀█  █
█ ▀ ▀▀▄▄▀█▄▄█▄▀▀▀▀▄▄ █ ▀▄▄ ▄  ▄ ▀ ▄ ▀▄▄  ██▄█ ▀ ▀ ▄█ ▄█▀▀▀█
███████▄█ ▄▀  ▄ ██ ▄▀▄▄▀ ▀█ ▄▄▄ ▀▀ █▄▄▄███ ▀██▄▄▀ ▄▄▄ ▄▀█ █
█ ▄▄▄▄▄ █▄█▀█▄█ ▀▀ ███▄█▀▄▄ █▄█ ▄ ▄▄ ▄ ▄▀ ▀ ▀  ▄▀ █▄█    ▀█
█ █   █ █ ▄▄▄▄█ ▄▀▄ ▄█▀▀▀▄ ▄ ▄ ▄ ▀██  █▄██  ▄█ █▀  ▄  ▀▄███
█ █▄▄▄█ █ ▀▀█▀▄█▄ █▀▄█▄█▀█▀▄▀█▀█▄█▄▀  ▄▄█ █▄▀ █ ▄  ▄▀█ ▀███
█▄▄▄▄▄▄▄█▄███▄▄▄▄▄▄▄▄▄██▄██████▄▄▄▄▄▄▄████▄▄▄█▄▄██▄█▄▄██▄██

✅ QR code salvo em ./qrcodes/qr_latest.png
